{"/home/evaldas/workspace/dukikik/js/Expenses.js": {"path":"/home/evaldas/workspace/dukikik/js/Expenses.js","statementMap":{"0":{"start":{"line":4,"column":17},"end":{"line":30,"column":2}},"1":{"start":{"line":6,"column":4},"end":{"line":28,"column":5}}},"fnMap":{},"branchMap":{},"s":{"0":1,"1":1},"f":{},"b":{},"_coverageSchema":"332fd63041d2c1bcb487cc26dd0d5f7d97098a6c","hash":"46d4463b5f25763187c1fb22eca204bcf37e8f53"}
,"/home/evaldas/workspace/dukikik/js/NavBar.js": {"path":"/home/evaldas/workspace/dukikik/js/NavBar.js","statementMap":{"0":{"start":{"line":4,"column":13},"end":{"line":28,"column":2}},"1":{"start":{"line":6,"column":4},"end":{"line":26,"column":5}}},"fnMap":{},"branchMap":{},"s":{"0":1,"1":0},"f":{},"b":{},"_coverageSchema":"332fd63041d2c1bcb487cc26dd0d5f7d97098a6c","hash":"48e579e92e4179664aae8a6fc80e768db500f4bd"}
}
